{"name": "test_div", "status": "failed", "statusDetails": {"message": "AssertionError: assert (2 / 2) == 3", "trace": "@pytest.mark.reg\n    def test_div():\n>       assert 2/2 == 3\nE       assert (2 / 2) == 3\n\n22March_2024\\test_lab152.py:11: AssertionError"}, "start": 1712630655718, "stop": 1712630655719, "uuid": "ee8a8d5b-7327-4299-80a7-e824b3175aea", "historyId": "5f8dfc99bbf47c06aa1bd1df960e9d94", "testCaseId": "5f8dfc99bbf47c06aa1bd1df960e9d94", "fullName": "22March_2024.test_lab152#test_div", "labels": [{"name": "tag", "value": "reg"}, {"name": "parentSuite", "value": "22March_2024"}, {"name": "suite", "value": "test_lab152"}, {"name": "host", "value": "DESKTOP-53MF220"}, {"name": "thread", "value": "14472-MainThread"}, {"name": "framework", "value": "pytest"}, {"name": "language", "value": "cpython3"}, {"name": "package", "value": "22March_2024.test_lab152"}]}