{"name": "test_div", "status": "failed", "statusDetails": {"message": "AssertionError: assert (2 / 2) == 3", "trace": "@pytest.mark.reg\n    def test_div():\n>       assert 2/2 == 3\nE       assert (2 / 2) == 3\n\ntest_lab152.py:11: AssertionError"}, "start": 1711980188862, "stop": 1711980188864, "uuid": "e1ce4bce-db36-417f-ae06-3d117f2b6bbf", "historyId": "d9af4462d99c1c9c1c37ab6bddba6f70", "testCaseId": "d9af4462d99c1c9c1c37ab6bddba6f70", "fullName": "test_lab152#test_div", "labels": [{"name": "tag", "value": "reg"}, {"name": "suite", "value": "test_lab152"}, {"name": "host", "value": "DESKTOP-53MF220"}, {"name": "thread", "value": "11064-MainThread"}, {"name": "framework", "value": "pytest"}, {"name": "language", "value": "cpython3"}, {"name": "package", "value": "test_lab152"}]}